#
# A fatal error has been detected by the Java Runtime Environment:
#
#  SIGBUS (0xa) at pc=0x000000010e028f03, pid=61998, tid=0x0000000000002303
#
# JRE version: OpenJDK Runtime Environment (Zulu 8.70.0.23-CA-macosx) (8.0_372-b07) (build 1.8.0_372-b07)
# Java VM: OpenJDK 64-Bit Server VM (25.372-b07 mixed mode bsd-amd64 compressed oops)
# Problematic frame:
# j  java.lang.AbstractStringBuilder.append(Ljava/lang/String;)Ljava/lang/AbstractStringBuilder;+10
#
# Failed to write core dump. Core dumps have been disabled. To enable core dumping, try "ulimit -c unlimited" before starting Java again
#
# If you would like to submit a bug report, please visit:
#   http://www.azul.com/support/
#

---------------  T H R E A D  ---------------

Current thread (0x00007fc52180c800):  JavaThread "main" [_thread_in_Java, id=8963, stack(0x0000000309d95000,0x0000000309e95000)]

siginfo: si_signo: 10 (SIGBUS), si_code: 2 (BUS_ADRERR), si_addr: 0x000000696b614200

Registers:
RAX=0x0000000000100000, RBX=0x0000000125d5eda0, RCX=0x000000696b614200, RDX=0x0000000040500001
RSP=0x0000000309e94288, RBP=0x0000000309e942d8, RSI=0x0000000309e94300, RDI=0x000000076ab7cc70
R8 =0x0000000000000000, R9 =0x0000000000000005, R10=0x000000010c8ad150, R11=0x000000010e116460
R12=0x0000000000000000, R13=0x0000000125dd3be2, R14=0x0000000309e942f8, R15=0x00007fc52180c800
RIP=0x000000010e028f03, EFLAGS=0x0000000000000206, ERR=0x0000000000000004
  TRAPNO=0x000000000000000e

Top of Stack: (sp=0x0000000309e94288)
0x0000000309e94288:   000000010e00cb40 000000696b614200
0x0000000309e94298:   0000000309e94298 0000000125dd3be2
0x0000000309e942a8:   0000000309e942f8 0000000125e82eb8
0x0000000309e942b8:   0000000125fa7600 0000000125dd3c18
0x0000000309e942c8:   0000000000000000 0000000309e942f0
0x0000000309e942d8:   0000000309e94340 000000010e00ce80
0x0000000309e942e8:   0000000000000000 000000696b614200
0x0000000309e942f8:   000000076ab7ce20 0000000309e94300
0x0000000309e94308:   0000000125dd71e2 0000000309e94358
0x0000000309e94318:   0000000125e83728 0000000125fa74a8
0x0000000309e94328:   0000000125dd71f0 0000000309e942f0
0x0000000309e94338:   0000000309e94350 0000000309e943a0
0x0000000309e94348:   000000010e00ce80 000000696b614200
0x0000000309e94358:   000000076ab7ce20 0000000309e94360
0x0000000309e94368:   000000012615d4a5 0000000309e943b8
0x0000000309e94378:   000000012615d540 0000000000000000
0x0000000309e94388:   000000012615d4e0 0000000309e94350
0x0000000309e94398:   0000000309e943b0 0000000309e94420
0x0000000309e943a8:   000000010e0054e7 0000000100000021
0x0000000309e943b8:   000000696b614200 00007fc500001fa0
0x0000000309e943c8:   000000012615d4e0 0000000309e94758
0x0000000309e943d8:   000000010e00545f 00007fc52180c800
0x0000000309e943e8:   0000000000000002 0000000309e94490
0x0000000309e943f8:   0000000309e94758 000000030000000c
0x0000000309e94408:   000000012615d4e0 000000010e018440
0x0000000309e94418:   0000000309e94640 0000000309e94590
0x0000000309e94428:   000000010c44829f 0000000000000002
0x0000000309e94438:   00007fc52180c800 0000000000000000
0x0000000309e94448:   00007fc52180c800 0000600001158280
0x0000000309e94458:   0000600003b58000 0000600003b58010
0x0000000309e94468:   0000600003b580e8 00000000000000d8
0x0000000309e94478:   0000000309e94ae8 0000000000000000 

Instructions: (pc=0x000000010e028f03)
0x000000010e028ee3:   8a 0c 01 00 00 00 49 8b 14 d2 52 41 8b d5 4c 8b
0x000000010e028ef3:   6d c8 8b c2 81 e0 00 00 10 00 0f 84 6a 01 00 00
0x000000010e028f03:   48 3b 01 48 8b 45 e0 48 85 c0 0f 84 12 00 00 00
0x000000010e028f13:   48 83 40 08 01 48 83 58 08 00 48 83 c0 30 48 89 

Register to memory mapping:

RAX=0x0000000000100000 is an unknown value
RBX={method} {0x0000000125d5eda0} 'length' '()I' in 'java/lang/String'
RCX=0x000000696b614200 is an unknown value
RDX=0x0000000040500001 is an unknown value
RSP=0x0000000309e94288 is pointing into the stack for thread: 0x00007fc52180c800
RBP=0x0000000309e942d8 is pointing into the stack for thread: 0x00007fc52180c800
RSI=0x0000000309e94300 is pointing into the stack for thread: 0x00007fc52180c800
RDI=0x000000076ab7cc70 is an oop
