#
# A fatal error has been detected by the Java Runtime Environment:
#
#  SIGSEGV (0xb) at pc=0x000000010bc46e6e, pid=56440, tid=0x0000000000001903
#
# JRE version: OpenJDK Runtime Environment (Zulu 8.70.0.23-CA-macosx) (8.0_372-b07) (build 1.8.0_372-b07)
# Java VM: OpenJDK 64-Bit Server VM (25.372-b07 mixed mode bsd-amd64 compressed oops)
# Problematic frame:
# V  [libjvm.dylib+0x321e6e]  jni_GetStringUTFChars+0x11e
#
# Failed to write core dump. Core dumps have been disabled. To enable core dumping, try "ulimit -c unlimited" before starting Java again
#
# If you would like to submit a bug report, please visit:
#   http://www.azul.com/support/
#

---------------  T H R E A D  ---------------

Current thread (0x00007fa34d00c800):  JavaThread "main" [_thread_in_vm, id=6403, stack(0x0000000308abe000,0x0000000308bbe000)]

siginfo: si_signo: 11 (SIGSEGV), si_code: 1 (SEGV_MAPERR), si_addr: 0x0000000000000014

Registers:
RAX=0x000000000000000c, RBX=0x00007fa34d00c800, RCX=0x000000010c050040, RDX=0x0000000000000000
RSP=0x0000000308bbd810, RBP=0x0000000308bbd890, RSI=0x00007fa34c708c80, RDI=0x00007fa34d00ca68
R8 =0x00007ff85aa10188, R9 =0x0000000000000000, R10=0x00000000ffffff00, R11=0x00007ff85aa10180
R12=0x00007fa34d00ca68, R13=0x0000000125911d60, R14=0x0000000000000000, R15=0x0000000000000008
RIP=0x000000010bc46e6e, EFLAGS=0x0000000000000202, ERR=0x0000000000000004
  TRAPNO=0x000000000000000e

Top of Stack: (sp=0x0000000308bbd810)
0x0000000308bbd810:   0000000000000000 0000000000000003
0x0000000308bbd820:   0000000000000000 0000000000000000
0x0000000308bbd830:   00007fa300000000 00007fa34d00c800
0x0000000308bbd840:   000060000221c010 0000000000000a28
0x0000000308bbd850:   000000010bf37b0c 00007fa34d00c800
0x0000000308bbd860:   00007fa34d00c800 0000000125911d68
0x0000000308bbd870:   0000000000000000 0000000125911d60
0x0000000308bbd880:   0000000308bbd9b0 00007fa34d00c800
0x0000000308bbd890:   0000000308bbd8c0 0000000127cb4eec
0x0000000308bbd8a0:   0000003000000010 0000000000000000
0x0000000308bbd8b0:   00007fa34c708c80 00007fa34d00ca68
0x0000000308bbd8c0:   0000000308bbd930 0000000127cb4dd8
0x0000000308bbd8d0:   00007fa34d00c800 0000600001f10890
0x0000000308bbd8e0:   00007fa34c708c80 00007fa34c708c78
0x0000000308bbd8f0:   00007fa34c708c80 00007fa34c708c78
0x0000000308bbd900:   0000000000000000 0000000000000032
0x0000000308bbd910:   00007fa34c708c70 0000000308bbd9b0
0x0000000308bbd920:   0000000308bbd9a0 00007fa34d00ca68
0x0000000308bbd930:   0000000308bbd990 000000010d7d2f47
0x0000000308bbd940:   000000076ab7be78 000000010d7d2c62
0x0000000308bbd950:   0000000308bbd950 0000000125911d60
0x0000000308bbd960:   0000000308bbd9b0 0000000125912558
0x0000000308bbd970:   0000000000000000 0000000125911d68
0x0000000308bbd980:   0000000000000000 0000000308bbd9b0
0x0000000308bbd990:   0000000308bbd9f8 000000010d7c30fd
0x0000000308bbd9a0:   000000076ab6cc20 000000010d7ccb58
0x0000000308bbd9b0:   000000076ab7be78 0000000308bbd9b8
0x0000000308bbd9c0:   0000000125911f37 0000000308bbda58
0x0000000308bbd9d0:   0000000125912558 0000000000000000
0x0000000308bbd9e0:   0000000125912028 0000000308bbd9b0
0x0000000308bbd9f0:   0000000308bbda58 0000000308bbdac0
0x0000000308bbda00:   000000010d7bb4e7 000000076ab7be78 

Instructions: (pc=0x000000010bc46e6e)
0x000000010bc46e4e:   89 ff e8 61 49 02 00 49 89 c7 48 8d 05 51 9a 40
0x000000010bc46e5e:   00 48 63 00 48 8d 0d d7 91 40 00 80 39 00 74 1b
0x000000010bc46e6e:   41 8b 04 07 48 85 c0 74 70 48 8d 15 4a 7d 3f 00
0x000000010bc46e7e:   8a 4a 08 48 d3 e0 48 03 02 eb 04 49 8b 04 07 48 

Register to memory mapping:

RAX=0x000000000000000c is an unknown value
RBX=0x00007fa34d00c800 is a thread
RCX=0x000000010c050040: UseCompressedOops+0 in /Users/aleksandarhardi/Library/Java/JavaVirtualMachines/azul-1.8.0_372/Contents/Home/jre/lib/server/libjvm.dylib at 0x000000010b925000
RDX=0x0000000000000000 is an unknown value
RSP=0x0000000308bbd810 is pointing into the stack for thread: 0x00007fa34d00c800
RBP=0x0000000308bbd890 is pointing into the stack for thread: 0x00007fa34d00c800
RSI=0x00007fa34c708c80 is an unknown value
RDI=0x00007fa34d00ca68 is an unknown value
R8 =0x00007ff85aa10188: __sFX+0xf8 in /usr/lib/system/libsystem_c.dylib at 0x00007ff8191bf000
R9 =0x0000000000000000 is an unknown value
R10=0x00000000ffffff00 is an unknown value
R11=0x00007ff85aa10180: __sFX+0xf0 in /usr/lib/system/libsystem_c.dylib at 0x00007ff8191bf000
R12=0x00007fa34d00ca68 is an unknown value
R13=0x0000000125911d60 is pointing into metadata
R14=0x0000000000000000 is an unknown value
R15=0x0000000000000008 is an unknown value


Stack: [0x0000000308abe000,0x0000000308bbe000],  sp=0x0000000308bbd810,  free space=1022k
Native frames: (J=compiled Java code, j=interpreted, Vv=VM code, C=native code)
V  [libjvm.dylib+0x321e6e]  jni_GetStringUTFChars+0x11e
C  [libCppNative.dylib+0x3eec]  JNIEnv_::GetStringUTFChars(_jstring*, unsigned char*)+0x2c
C  [libCppNative.dylib+0x3dd8]  Java_test_TestDynamic_printPerson+0xd8
j  test.TestDynamic.printPerson(Ltest/Person;)V+0
j  test.TestDynamic.main([Ljava/lang/String;)V+303
v  ~StubRoutines::call_stub
V  [libjvm.dylib+0x2d929f]  JavaCalls::call_helper(JavaValue*, methodHandle*, JavaCallArguments*, Thread*)+0x6f3
V  [libjvm.dylib+0x319de2]  jni_invoke_static(JNIEnv_*, JavaValue*, _jobject*, JNICallType, _jmethodID*, JNI_ArgumentPusher*, Thread*)+0x255
V  [libjvm.dylib+0x31d44d]  jni_CallStaticVoidMethod+0x1f6
C  [java+0x3844]  JavaMain+0x9bf
C  [libsystem_pthread.dylib+0x64e1]  _pthread_start+0x7d
C  [libsystem_pthread.dylib+0x1f6b]  thread_start+0xf
C  0x0000000000000000

Java frames: (J=compiled Java code, j=interpreted, Vv=VM code)
j  test.TestDynamic.printPerson(Ltest/Person;)V+0
j  test.TestDynamic.main([Ljava/lang/String;)V+303
v  ~StubRoutines::call_stub

---------------  P R O C E S S  ---------------

Java Threads: ( => current thread )
  0x00007fa34c839800 JavaThread "Service Thread" daemon [_thread_blocked, id=41479, stack(0x0000000309d02000,0x0000000309e02000)]
  0x00007fa34c829000 JavaThread "C1 CompilerThread3" daemon [_thread_blocked, id=22531, stack(0x0000000309bff000,0x0000000309cff000)]
  0x00007fa34d053000 JavaThread "C2 CompilerThread2" daemon [_thread_blocked, id=42243, stack(0x0000000309afc000,0x0000000309bfc000)]
  0x00007fa34c820000 JavaThread "C2 CompilerThread1" daemon [_thread_blocked, id=22019, stack(0x00000003099f9000,0x0000000309af9000)]
  0x00007fa34d042800 JavaThread "C2 CompilerThread0" daemon [_thread_blocked, id=43011, stack(0x00000003098f6000,0x00000003099f6000)]
  0x00007fa34e024000 JavaThread "Signal Dispatcher" daemon [_thread_blocked, id=21763, stack(0x00000003097f3000,0x00000003098f3000)]
  0x00007fa34e014000 JavaThread "Finalizer" daemon [_thread_blocked, id=14107, stack(0x00000003095df000,0x00000003096df000)]
  0x00007fa34e011000 JavaThread "Reference Handler" daemon [_thread_blocked, id=13607, stack(0x00000003094dc000,0x00000003095dc000)]
=>0x00007fa34d00c800 JavaThread "main" [_thread_in_vm, id=6403, stack(0x0000000308abe000,0x0000000308bbe000)]

Other Threads:
  0x00007fa34e846800 VMThread [stack: 0x00000003093d9000,0x00000003094d9000] [id=13059]
  0x00007fa34e016800 WatcherThread [stack: 0x0000000309e05000,0x0000000309f05000] [id=23555]

VM state:not at safepoint (normal execution)

VM Mutex/Monitor currently owned by a thread: None

heap address: 0x00000006c0000000, size: 4096 MB, Compressed Oops mode: Zero based, Oop shift amount: 3
Narrow klass base: 0x0000000000000000, Narrow klass shift: 3
Compressed class space size: 1073741824 Address: 0x00000007c0000000

Heap:
 PSYoungGen      total 76288K, used 2621K [0x000000076ab00000, 0x0000000770000000, 0x00000007c0000000)
  eden space 65536K, 4% used [0x000000076ab00000,0x000000076ad8f5e8,0x000000076eb00000)
  from space 10752K, 0% used [0x000000076f580000,0x000000076f580000,0x0000000770000000)
  to   space 10752K, 0% used [0x000000076eb00000,0x000000076eb00000,0x000000076f580000)
 ParOldGen       total 175104K, used 0K [0x00000006c0000000, 0x00000006cab00000, 0x000000076ab00000)
  object space 175104K, 0% used [0x00000006c0000000,0x00000006c0000000,0x00000006cab00000)
 Metaspace       used 2807K, capacity 4490K, committed 4864K, reserved 1056768K
  class space    used 290K, capacity 386K, committed 512K, reserved 1048576K

Card table byte_map: [0x000000010b017000,0x000000010b818000] byte_map_base: 0x0000000107a17000

Marking Bits: (ParMarkBitMap*) 0x000000010c0579f8
 Begin Bits: [0x000000011cd11000, 0x0000000120d11000)
 End Bits:   [0x0000000120d11000, 0x0000000124d11000)

Polling page: 0x000000010ab21000

CodeCache: size=245760Kb used=1105Kb max_used=1105Kb free=244654Kb
 bounds [0x000000010d7bb000, 0x000000010da2b000, 0x000000011c7bb000]
 total_blobs=274 nmethods=18 adapters=171
 compilation: enabled

Compilation events (10 events):
Event: 0.078 Thread 0x00007fa34c829000   14       1       java.lang.ThreadLocal::access$400 (5 bytes)
Event: 0.078 Thread 0x00007fa34c829000 nmethod 14 0x000000010d8cd110 code [0x000000010d8cd260, 0x000000010d8cd350]
Event: 0.078 Thread 0x00007fa34c829000   15       1       java.io.File::getPath (5 bytes)
Event: 0.078 Thread 0x00007fa34c829000 nmethod 15 0x000000010d8cd3d0 code [0x000000010d8cd520, 0x000000010d8cd630]
Event: 0.580 Thread 0x00007fa34c829000   16       3       sun.misc.FDBigInteger::mult (64 bytes)
Event: 0.581 Thread 0x00007fa34c829000 nmethod 16 0x000000010d8ce690 code [0x000000010d8ce800, 0x000000010d8cea90]
Event: 0.581 Thread 0x00007fa34c829000   17       3       sun.misc.FDBigInteger::<init> (30 bytes)
Event: 0.581 Thread 0x00007fa34c829000 nmethod 17 0x000000010d8ced50 code [0x000000010d8ceec0, 0x000000010d8cf0c8]
Event: 0.581 Thread 0x00007fa34c829000   18       3       sun.misc.FDBigInteger::trimLeadingZeros (57 bytes)
Event: 0.581 Thread 0x00007fa34c829000 nmethod 18 0x000000010d8cf1d0 code [0x000000010d8cf340, 0x000000010d8cf670]

GC Heap History (0 events):
No events

Deoptimization events (0 events):
No events

Classes redefined (0 events):
No events

Internal exceptions (3 events):
Event: 0.028 Thread 0x00007fa34d00c800 Exception <a 'java/lang/NoSuchMethodError': Method sun.misc.Unsafe.defineClass(Ljava/lang/String;[BII)Ljava/lang/Class; name or signature does not match> (0x000000076ab07d98) thrown at [/Users/tester/zulu-jenkins/blue/workspace/Zulu/zulu-platform-build/zu
Event: 0.028 Thread 0x00007fa34d00c800 Exception <a 'java/lang/NoSuchMethodError': Method sun.misc.Unsafe.prefetchRead(Ljava/lang/Object;J)V name or signature does not match> (0x000000076ab08080) thrown at [/Users/tester/zulu-jenkins/blue/workspace/Zulu/zulu-platform-build/zulu-src.git/hotspot
Event: 0.584 Thread 0x00007fa34d00c800 Exception <a 'java/lang/NoSuchFieldError': address> (0x000000076ab7c188) thrown at [/Users/tester/zulu-jenkins/blue/workspace/Zulu/zulu-platform-build/zulu-src.git/hotspot/src/share/vm/prims/jni.cpp, line 2600]

Events (10 events):
Event: 0.577 loading class sun/misc/FloatingDecimal$PreparedASCIIToBinaryBuffer
Event: 0.577 loading class sun/misc/FloatingDecimal$ASCIIToBinaryConverter
Event: 0.577 loading class sun/misc/FloatingDecimal$ASCIIToBinaryConverter done
Event: 0.577 loading class sun/misc/FloatingDecimal$PreparedASCIIToBinaryBuffer done
Event: 0.578 loading class sun/misc/FDBigInteger
Event: 0.578 loading class sun/misc/FDBigInteger done
Event: 0.583 loading class test/Person
Event: 0.583 loading class test/Person done
Event: 0.584 loading class java/lang/NoSuchFieldError
Event: 0.584 loading class java/lang/NoSuchFieldError done


Dynamic libraries:
0x00007ff830610000 	/System/Library/Frameworks/Cocoa.framework/Versions/A/Cocoa
0x00007ff81bceb000 	/System/Library/Frameworks/AppKit.framework/Versions/C/AppKit
0x00007ff81f260000 	/System/Library/Frameworks/CoreData.framework/Versions/A/CoreData
0x00007ff81a0ee000 	/System/Library/Frameworks/Foundation.framework/Versions/C/Foundation
0x00007ff8244e3000 	/usr/lib/libSystem.B.dylib
0x00007ff81cb7b000 	/System/Library/PrivateFrameworks/UIFoundation.framework/Versions/A/UIFoundation
0x00007ff82a512000 	/System/Library/PrivateFrameworks/RemoteViewServices.framework/Versions/A/RemoteViewServices
0x00007ff8227af000 	/System/Library/PrivateFrameworks/XCTTargetBootstrap.framework/Versions/A/XCTTargetBootstrap
0x00007ff8263a8000 	/System/Library/PrivateFrameworks/InternationalSupport.framework/Versions/A/InternationalSupport
0x00007ff826432000 	/System/Library/PrivateFrameworks/UserActivity.framework/Versions/A/UserActivity
0x00007ff82578c000 	/usr/lib/libspindump.dylib
0x00007ff81ce0a000 	/System/Library/Frameworks/UniformTypeIdentifiers.framework/Versions/A/UniformTypeIdentifiers
0x00007ff820ed3000 	/usr/lib/libapp_launch_measurement.dylib
0x00007ff81fc43000 	/System/Library/PrivateFrameworks/CoreAnalytics.framework/Versions/A/CoreAnalytics
0x00007ff820ed6000 	/System/Library/PrivateFrameworks/CoreAutoLayout.framework/Versions/A/CoreAutoLayout
0x00007ff822106000 	/System/Library/Frameworks/Metal.framework/Versions/A/Metal
0x00007ff822e35000 	/usr/lib/liblangid.dylib
0x00007ff8227b4000 	/System/Library/PrivateFrameworks/CoreSVG.framework/Versions/A/CoreSVG
0x00007ff81e1f6000 	/System/Library/PrivateFrameworks/SkyLight.framework/Versions/A/SkyLight
0x00007ff81e595000 	/System/Library/Frameworks/CoreGraphics.framework/Versions/A/CoreGraphics
0x00007ff82abd2000 	/System/Library/Frameworks/Accelerate.framework/Versions/A/Accelerate
0x00007ff82520b000 	/System/Library/PrivateFrameworks/IconServices.framework/Versions/A/IconServices
0x00007ff8220eb000 	/System/Library/Frameworks/IOSurface.framework/Versions/A/IOSurface
0x00007ff81fc71000 	/usr/lib/libDiagnosticMessagesClient.dylib
0x00007ff8243fd000 	/usr/lib/libz.1.dylib
0x00007ff82e2b4000 	/System/Library/Frameworks/ApplicationServices.framework/Versions/A/ApplicationServices
0x00007ff82279b000 	/System/Library/PrivateFrameworks/DFRFoundation.framework/Versions/A/DFRFoundation
0x00007ff81b5d3000 	/usr/lib/libicucore.A.dylib
0x00007ff82719e000 	/System/Library/Frameworks/AudioToolbox.framework/Versions/A/AudioToolbox
0x00007ff8263b4000 	/System/Library/PrivateFrameworks/DataDetectorsCore.framework/Versions/A/DataDetectorsCore
0x00007ff922615000 	/System/Library/PrivateFrameworks/TextInput.framework/Versions/A/TextInput
0x00007ff81e179000 	/usr/lib/libMobileGestalt.dylib
0x00007ff8224a7000 	/System/Library/Frameworks/Carbon.framework/Versions/A/Frameworks/HIToolbox.framework/Versions/A/HIToolbox
0x00007ff8208d6000 	/System/Library/Frameworks/QuartzCore.framework/Versions/A/QuartzCore
0x00007ff81b278000 	/System/Library/Frameworks/Security.framework/Versions/A/Security
0x00007ff82a54a000 	/System/Library/Frameworks/Carbon.framework/Versions/A/Frameworks/SpeechRecognition.framework/Versions/A/SpeechRecognition
0x00007ff820c33000 	/System/Library/PrivateFrameworks/CoreUI.framework/Versions/A/CoreUI
0x00007ff81ab42000 	/System/Library/Frameworks/CoreAudio.framework/Versions/A/CoreAudio
0x00007ff81fd60000 	/System/Library/Frameworks/DiskArbitration.framework/Versions/A/DiskArbitration
0x00007ff825b78000 	/System/Library/PrivateFrameworks/MultitouchSupport.framework/Versions/A/MultitouchSupport
0x00007ff81e178000 	/usr/lib/libenergytrace.dylib
0x00007ff81bbd7000 	/System/Library/Frameworks/IOKit.framework/Versions/A/IOKit
0x00007ff82a93a000 	/System/Library/Frameworks/CoreServices.framework/Versions/A/CoreServices
0x00007ff820e6d000 	/System/Library/PrivateFrameworks/PerformanceAnalysis.framework/Versions/A/PerformanceAnalysis
0x00007ffa320f1000 	/System/Library/Frameworks/OpenGL.framework/Versions/A/OpenGL
0x00007ff823a19000 	/System/Library/PrivateFrameworks/MobileKeyBag.framework/Versions/A/MobileKeyBag
0x00007ff819182000 	/usr/lib/libobjc.A.dylib
0x00007ff81ecbf000 	/System/Library/Frameworks/ColorSync.framework/Versions/A/ColorSync
0x00007ff81933c000 	/System/Library/Frameworks/CoreFoundation.framework/Versions/A/CoreFoundation
0x00007ff822a2b000 	/System/Library/Frameworks/CoreImage.framework/Versions/A/CoreImage
0x00007ff81a956000 	/System/Library/Frameworks/CoreText.framework/Versions/A/CoreText
0x00007ff8227e4000 	/System/Library/Frameworks/ImageIO.framework/Versions/A/ImageIO
0x00007ff8244e9000 	/System/Library/PrivateFrameworks/SoftLinking.framework/Versions/A/SoftLinking
0x00007ff820f1e000 	/usr/lib/libxml2.2.dylib
0x00007ff819248000 	/usr/lib/libc++.1.dylib
0x00007ff82476a000 	/usr/lib/libcompression.dylib
0x00007ff8262db000 	/System/Library/PrivateFrameworks/TextureIO.framework/Versions/A/TextureIO
0x00007ff824e84000 	/usr/lib/libate.dylib
0x00007ff8244de000 	/usr/lib/system/libcache.dylib
0x00007ff82449a000 	/usr/lib/system/libcommonCrypto.dylib
0x00007ff8244c3000 	/usr/lib/system/libcompiler_rt.dylib
0x00007ff8244b9000 	/usr/lib/system/libcopyfile.dylib
0x00007ff81907d000 	/usr/lib/system/libcorecrypto.dylib
0x00007ff81913b000 	/usr/lib/system/libdispatch.dylib
0x00007ff8192fb000 	/usr/lib/system/libdyld.dylib
0x00007ff8244d5000 	/usr/lib/system/libkeymgr.dylib
0x00007ff824478000 	/usr/lib/system/libmacho.dylib
0x00007ff823af3000 	/usr/lib/system/libquarantine.dylib
0x00007ff8244d3000 	/usr/lib/system/libremovefile.dylib
0x00007ff81e1c6000 	/usr/lib/system/libsystem_asl.dylib
0x00007ff819026000 	/usr/lib/system/libsystem_blocks.dylib
0x00007ff8191bf000 	/usr/lib/system/libsystem_c.dylib
0x00007ff8244cb000 	/usr/lib/system/libsystem_collections.dylib
0x00007ff822e25000 	/usr/lib/system/libsystem_configuration.dylib
0x00007ff8220ce000 	/usr/lib/system/libsystem_containermanager.dylib
0x00007ff8241aa000 	/usr/lib/system/libsystem_coreservices.dylib
0x00007ff81b867000 	/usr/lib/system/libsystem_darwin.dylib
0x00007ff8244d6000 	/usr/lib/system/libsystem_dnssd.dylib
0x00007ff8191bc000 	/usr/lib/system/libsystem_featureflags.dylib
0x00007ff819311000 	/usr/lib/system/libsystem_info.dylib
0x00007ff824410000 	/usr/lib/system/libsystem_m.dylib
0x00007ff81910f000 	/usr/lib/system/libsystem_malloc.dylib
0x00007ff81e161000 	/usr/lib/system/libsystem_networkextension.dylib
0x00007ff81bc8d000 	/usr/lib/system/libsystem_notify.dylib
0x00007ff82a80f000 	/usr/lib/system/libsystem_product_info_filter.dylib
0x00007ff822e29000 	/usr/lib/system/libsystem_sandbox.dylib
0x00007ff8244d0000 	/usr/lib/system/libsystem_secinit.dylib
0x00007ff8192b7000 	/usr/lib/system/libsystem_kernel.dylib
0x00007ff819307000 	/usr/lib/system/libsystem_platform.dylib
0x00007ff8192ef000 	/usr/lib/system/libsystem_pthread.dylib
0x00007ff81fa83000 	/usr/lib/system/libsystem_symptoms.dylib
0x00007ff819064000 	/usr/lib/system/libsystem_trace.dylib
0x00007ff8244a6000 	/usr/lib/system/libunwind.dylib
0x00007ff819028000 	/usr/lib/system/libxpc.dylib
0x00007ff8192a1000 	/usr/lib/libc++abi.dylib
0x00007ff8244b1000 	/usr/lib/liboah.dylib
0x00007ff824c42000 	/usr/lib/liblzma.5.dylib
0x00007ff819e00000 	/System/Library/Frameworks/SystemConfiguration.framework/Versions/A/SystemConfiguration
0x00007ff8244e5000 	/usr/lib/libfakelink.dylib
0x00007ff81dcd1000 	/System/Library/Frameworks/CFNetwork.framework/Versions/A/CFNetwork
0x00007ff824626000 	/usr/lib/libarchive.2.dylib
0x00007ff822e31000 	/System/Library/PrivateFrameworks/AppleSystemInfo.framework/Versions/A/AppleSystemInfo
0x00007ff823b1a000 	/usr/lib/libbsm.0.dylib
0x00007ff81d2e0000 	/usr/lib/libnetwork.dylib
0x00007ff82447e000 	/usr/lib/system/libkxld.dylib
0x00007ff82374d000 	/System/Library/PrivateFrameworks/IOMobileFramebuffer.framework/Versions/A/IOMobileFramebuffer
0x00007ffb31aab000 	/usr/lib/libCoreEntitlements.dylib
0x00007ff82418c000 	/System/Library/PrivateFrameworks/AppleFSCompression.framework/Versions/A/AppleFSCompression
0x00007ff823b02000 	/usr/lib/libcoretls.dylib
0x00007ff824c5c000 	/usr/lib/libcoretls_cfhelpers.dylib
0x00007ff824765000 	/usr/lib/libpam.2.dylib
0x00007ff81f6a5000 	/usr/lib/libsqlite3.dylib
0x00007ff824ccb000 	/usr/lib/libxar.1.dylib
0x00007ff82419c000 	/usr/lib/libbz2.1.0.dylib
0x00007ff8244ea000 	/usr/lib/libpcap.A.dylib
0x00007ff81fa7b000 	/usr/lib/libdns_services.dylib
0x00007ff824738000 	/usr/lib/libapple_nghttp2.dylib
0x00007ff824524000 	/usr/lib/libiconv.2.dylib
0x00007ff824477000 	/usr/lib/libcharset.1.dylib
0x00007ff820ea1000 	/System/Library/Frameworks/CoreServices.framework/Versions/A/Frameworks/FSEvents.framework/Versions/A/FSEvents
0x00007ff81b871000 	/System/Library/Frameworks/CoreServices.framework/Versions/A/Frameworks/CarbonCore.framework/Versions/A/CarbonCore
0x00007ff81fcc4000 	/System/Library/Frameworks/CoreServices.framework/Versions/A/Frameworks/Metadata.framework/Versions/A/Metadata
0x00007ff8241af000 	/System/Library/Frameworks/CoreServices.framework/Versions/A/Frameworks/OSServices.framework/Versions/A/OSServices
0x00007ff8246ad000 	/System/Library/Frameworks/CoreServices.framework/Versions/A/Frameworks/SearchKit.framework/Versions/A/SearchKit
0x00007ff81fa0d000 	/System/Library/Frameworks/CoreServices.framework/Versions/A/Frameworks/AE.framework/Versions/A/AE
0x00007ff81983d000 	/System/Library/Frameworks/CoreServices.framework/Versions/A/Frameworks/LaunchServices.framework/Versions/A/LaunchServices
0x00007ff824bf3000 	/System/Library/Frameworks/CoreServices.framework/Versions/A/Frameworks/DictionaryServices.framework/Versions/A/DictionaryServices
0x00007ff820eae000 	/System/Library/Frameworks/CoreServices.framework/Versions/A/Frameworks/SharedFileList.framework/Versions/A/SharedFileList
0x00007ff823af6000 	/usr/lib/libCheckFix.dylib
0x00007ff81e1dd000 	/System/Library/PrivateFrameworks/TCC.framework/Versions/A/TCC
0x00007ff822e37000 	/System/Library/PrivateFrameworks/CoreNLP.framework/Versions/A/CoreNLP
0x00007ff81fc74000 	/System/Library/PrivateFrameworks/MetadataUtilities.framework/Versions/A/MetadataUtilities
0x00007ff819eb1000 	/usr/lib/libmecabra.dylib
0x00007ff823b2a000 	/usr/lib/libmecab.dylib
0x00007ff819e7c000 	/usr/lib/libCRFSuite.dylib
0x00007ff823b84000 	/usr/lib/libgermantok.dylib
0x00007ff824713000 	/usr/lib/libThaiTokenizer.dylib
0x00007ff81fd67000 	/System/Library/Frameworks/Accelerate.framework/Versions/A/Frameworks/vImage.framework/Versions/A/vImage
0x00007ff82a911000 	/System/Library/Frameworks/Accelerate.framework/Versions/A/Frameworks/vecLib.framework/Versions/A/vecLib
0x00007ff824d0c000 	/System/Library/Frameworks/Accelerate.framework/Versions/A/Frameworks/vecLib.framework/Versions/A/libvMisc.dylib
0x00007ff82354c000 	/System/Library/Frameworks/Accelerate.framework/Versions/A/Frameworks/vecLib.framework/Versions/A/libvDSP.dylib
0x00007ff819bb8000 	/System/Library/Frameworks/Accelerate.framework/Versions/A/Frameworks/vecLib.framework/Versions/A/libBLAS.dylib
0x00007ff824848000 	/System/Library/Frameworks/Accelerate.framework/Versions/A/Frameworks/vecLib.framework/Versions/A/libLAPACK.dylib
0x00007ff823b87000 	/System/Library/Frameworks/Accelerate.framework/Versions/A/Frameworks/vecLib.framework/Versions/A/libLinearAlgebra.dylib
0x00007ff824750000 	/System/Library/Frameworks/Accelerate.framework/Versions/A/Frameworks/vecLib.framework/Versions/A/libSparseBLAS.dylib
0x00007ff824842000 	/System/Library/Frameworks/Accelerate.framework/Versions/A/Frameworks/vecLib.framework/Versions/A/libQuadrature.dylib
0x00007ff822f22000 	/System/Library/Frameworks/Accelerate.framework/Versions/A/Frameworks/vecLib.framework/Versions/A/libBNNS.dylib
0x00007ff819d8a000 	/System/Library/Frameworks/Accelerate.framework/Versions/A/Frameworks/vecLib.framework/Versions/A/libSparse.dylib
0x00007ff822f1b000 	/System/Library/PrivateFrameworks/LinguisticData.framework/Versions/A/LinguisticData
0x00007ff819d40000 	/System/Library/PrivateFrameworks/Lexicon.framework/Versions/A/Lexicon
0x00007ff824d05000 	/usr/lib/libChineseTokenizer.dylib
0x00007ff81a4ab000 	/System/Library/PrivateFrameworks/LanguageModeling.framework/Versions/A/LanguageModeling
0x00007ff824715000 	/System/Library/PrivateFrameworks/AppleSauce.framework/Versions/A/AppleSauce
0x00007ff82373b000 	/System/Library/PrivateFrameworks/CoreEmoji.framework/Versions/A/CoreEmoji
0x00007ff824615000 	/usr/lib/libcmph.dylib
0x00007ff820e85000 	/System/Library/Frameworks/OpenDirectory.framework/Versions/A/Frameworks/CFOpenDirectory.framework/Versions/A/CFOpenDirectory
0x00007ff820e79000 	/System/Library/Frameworks/OpenDirectory.framework/Versions/A/OpenDirectory
0x00007ff824c5e000 	/System/Library/PrivateFrameworks/APFS.framework/Versions/A/APFS
0x00007ff823a51000 	/System/Library/Frameworks/SecurityFoundation.framework/Versions/A/SecurityFoundation
0x00007ff824cd9000 	/usr/lib/libutil.dylib
0x00007ff81bb9b000 	/System/Library/PrivateFrameworks/CoreServicesStore.framework/Versions/A/CoreServicesStore
0x00007ff824cdd000 	/usr/lib/libxslt.1.dylib
0x00007ff823ade000 	/System/Library/PrivateFrameworks/BackgroundTaskManagement.framework/Versions/A/BackgroundTaskManagement
0x00007ff8261fc000 	/System/Library/Frameworks/ImageIO.framework/Versions/A/Resources/libRadiance.dylib
0x00007ff826205000 	/System/Library/Frameworks/ImageIO.framework/Versions/A/Resources/libJPEG.dylib
0x00007ff826157000 	/System/Library/Frameworks/ImageIO.framework/Versions/A/Resources/libPng.dylib
0x00007ff826178000 	/System/Library/Frameworks/ImageIO.framework/Versions/A/Resources/libTIFF.dylib
0x00007ff826264000 	/System/Library/Frameworks/ImageIO.framework/Versions/A/Resources/libGIF.dylib
0x00007ff825a94000 	/System/Library/Frameworks/ImageIO.framework/Versions/A/Resources/libJP2.dylib
0x00007ff8251d2000 	/usr/lib/libexpat.1.dylib
0x00007ff825a49000 	/System/Library/PrivateFrameworks/AppleJPEG.framework/Versions/A/AppleJPEG
0x00007ff82236b000 	/System/Library/PrivateFrameworks/FontServices.framework/libFontParser.dylib
0x00007ff81f9b7000 	/System/Library/PrivateFrameworks/RunningBoardServices.framework/Versions/A/RunningBoardServices
0x00007ff830bcb000 	/System/Library/PrivateFrameworks/IOSurfaceAccelerator.framework/Versions/A/IOSurfaceAccelerator
0x00007ff825b74000 	/System/Library/PrivateFrameworks/WatchdogClient.framework/Versions/A/WatchdogClient
0x00007ff81a599000 	/System/Library/Frameworks/CoreDisplay.framework/Versions/A/CoreDisplay
0x00007ff822269000 	/System/Library/Frameworks/CoreMedia.framework/Versions/A/CoreMedia
0x00007ff8220fd000 	/System/Library/PrivateFrameworks/IOAccelerator.framework/Versions/A/IOAccelerator
0x00007ff821002000 	/System/Library/Frameworks/CoreVideo.framework/Versions/A/CoreVideo
0x00007ff824763000 	/System/Library/Frameworks/MetalPerformanceShaders.framework/Versions/A/MetalPerformanceShaders
0x00007ff825bb1000 	/System/Library/Frameworks/VideoToolbox.framework/Versions/A/VideoToolbox
0x00007ff81f901000 	/System/Library/PrivateFrameworks/BaseBoard.framework/Versions/A/BaseBoard
0x00007ff81f68b000 	/System/Library/PrivateFrameworks/ProtocolBuffer.framework/Versions/A/ProtocolBuffer
0x00007ff8261f5000 	/System/Library/PrivateFrameworks/GPUWrangler.framework/Versions/A/GPUWrangler
0x00007ff8261d9000 	/System/Library/PrivateFrameworks/IOPresentment.framework/Versions/A/IOPresentment
0x00007ff8261ff000 	/System/Library/PrivateFrameworks/DSExternalDisplay.framework/Versions/A/DSExternalDisplay
0x00007ffa320e5000 	/System/Library/Frameworks/OpenGL.framework/Versions/A/Libraries/libCoreFSCache.dylib
0x00007ffb1f1ac000 	/System/Library/PrivateFrameworks/GPUCompiler.framework/Versions/31001/Libraries/libGPUCompilerUtils.dylib
0x00007ff826269000 	/System/Library/PrivateFrameworks/CMCaptureCore.framework/Versions/A/CMCaptureCore
0x00007ff82577a000 	/System/Library/PrivateFrameworks/AppServerSupport.framework/Versions/A/AppServerSupport
0x00007ff827a37000 	/System/Library/PrivateFrameworks/perfdata.framework/Versions/A/perfdata
0x00007ff81a6c5000 	/System/Library/PrivateFrameworks/AudioToolboxCore.framework/Versions/A/AudioToolboxCore
0x00007ff822247000 	/System/Library/PrivateFrameworks/caulk.framework/Versions/A/caulk
0x00007ff827349000 	/usr/lib/libAudioStatistics.dylib
0x00007ff91eda3000 	/System/Library/PrivateFrameworks/SystemPolicy.framework/Versions/A/SystemPolicy
0x00007ff8275a4000 	/usr/lib/libSMC.dylib
0x00007ff8304c3000 	/System/Library/Frameworks/CoreMIDI.framework/Versions/A/CoreMIDI
0x00007ff826126000 	/usr/lib/libAudioToolboxUtility.dylib
0x00007ff91afcf000 	/System/Library/PrivateFrameworks/OSAServicesClient.framework/Versions/A/OSAServicesClient
0x00007ff827a44000 	/usr/lib/libperfcheck.dylib
0x00007ff91f850000 	/usr/lib/libmis.dylib
0x00007ffa32140000 	/System/Library/Frameworks/OpenGL.framework/Versions/A/Libraries/libGLU.dylib
0x00007ffa32104000 	/System/Library/Frameworks/OpenGL.framework/Versions/A/Libraries/libGFXShared.dylib
0x00007ffa3230d000 	/System/Library/Frameworks/OpenGL.framework/Versions/A/Libraries/libGL.dylib
0x00007ffa3210d000 	/System/Library/Frameworks/OpenGL.framework/Versions/A/Libraries/libGLImage.dylib
0x00007ffa32101000 	/System/Library/Frameworks/OpenGL.framework/Versions/A/Libraries/libCVMSPluginSupport.dylib
0x00007ffa320ec000 	/System/Library/Frameworks/OpenGL.framework/Versions/A/Libraries/libCoreVMClient.dylib
0x00007ff822db3000 	/System/Library/Frameworks/MetalPerformanceShaders.framework/Versions/A/Frameworks/MPSCore.framework/Versions/A/MPSCore
0x00007ff8240f7000 	/System/Library/Frameworks/MetalPerformanceShaders.framework/Versions/A/Frameworks/MPSImage.framework/Versions/A/MPSImage
0x00007ff823b9d000 	/System/Library/Frameworks/MetalPerformanceShaders.framework/Versions/A/Frameworks/MPSNeuralNetwork.framework/Versions/A/MPSNeuralNetwork
0x00007ff824011000 	/System/Library/Frameworks/MetalPerformanceShaders.framework/Versions/A/Frameworks/MPSMatrix.framework/Versions/A/MPSMatrix
0x00007ff823dcc000 	/System/Library/Frameworks/MetalPerformanceShaders.framework/Versions/A/Frameworks/MPSRayIntersector.framework/Versions/A/MPSRayIntersector
0x00007ff824049000 	/System/Library/Frameworks/MetalPerformanceShaders.framework/Versions/A/Frameworks/MPSNDArray.framework/Versions/A/MPSNDArray
0x00007ffa37bc5000 	/System/Library/Frameworks/MetalPerformanceShaders.framework/Versions/A/Frameworks/MPSFunctions.framework/Versions/A/MPSFunctions
0x00007ff819a94000 	/System/Library/PrivateFrameworks/MetalTools.framework/Versions/A/MetalTools
0x00007ff822e2f000 	/System/Library/PrivateFrameworks/AggregateDictionary.framework/Versions/A/AggregateDictionary
0x00007ff824fb4000 	/usr/lib/libIOReport.dylib
0x00007ffa3371c000 	/System/Library/Frameworks/OpenCL.framework/Versions/A/OpenCL
0x00007ff825318000 	/System/Library/PrivateFrameworks/FaceCore.framework/Versions/A/FaceCore
0x00007ff825309000 	/System/Library/PrivateFrameworks/GraphVisualizer.framework/Versions/A/GraphVisualizer
0x00007ffb1f0b7000 	/System/Library/PrivateFrameworks/FontServices.framework/Versions/A/FontServices
0x00007ff825732000 	/System/Library/PrivateFrameworks/OTSVG.framework/Versions/A/OTSVG
0x00007ff820be9000 	/System/Library/Frameworks/ApplicationServices.framework/Versions/A/Frameworks/ATS.framework/Versions/A/Resources/libFontRegistry.dylib
0x00007ff825782000 	/System/Library/PrivateFrameworks/FontServices.framework/libhvf.dylib
0x00007ffb1f0b8000 	/System/Library/PrivateFrameworks/FontServices.framework/libXTFontStaticRegistryData.dylib
0x00007ff825182000 	/System/Library/PrivateFrameworks/AppleVA.framework/Versions/A/AppleVA
0x00007ff827369000 	/System/Library/Frameworks/ApplicationServices.framework/Versions/A/Frameworks/ATS.framework/Versions/A/ATS
0x00007ff81edbd000 	/System/Library/Frameworks/ApplicationServices.framework/Versions/A/Frameworks/HIServices.framework/Versions/A/HIServices
0x00007ff826273000 	/System/Library/Frameworks/ApplicationServices.framework/Versions/A/Frameworks/PrintCore.framework/Versions/A/PrintCore
0x00007ff8276f7000 	/System/Library/Frameworks/ApplicationServices.framework/Versions/A/Frameworks/QD.framework/Versions/A/QD
0x00007ff8276ef000 	/System/Library/Frameworks/ApplicationServices.framework/Versions/A/Frameworks/ColorSyncLegacy.framework/Versions/A/ColorSyncLegacy
0x00007ff827359000 	/System/Library/Frameworks/ApplicationServices.framework/Versions/A/Frameworks/SpeechSynthesis.framework/Versions/A/SpeechSynthesis
0x00007ff826234000 	/System/Library/Frameworks/ApplicationServices.framework/Versions/A/Frameworks/ATSUI.framework/Versions/A/ATSUI
0x00007ff827684000 	/usr/lib/libcups.2.dylib
0x00007ff827a53000 	/System/Library/Frameworks/Kerberos.framework/Versions/A/Kerberos
0x00007ff827a62000 	/System/Library/Frameworks/GSS.framework/Versions/A/GSS
0x00007ff8273d5000 	/usr/lib/libresolv.9.dylib
0x00007ff825791000 	/System/Library/PrivateFrameworks/Heimdal.framework/Versions/A/Heimdal
0x00007ff82e646000 	/System/Library/Frameworks/Kerberos.framework/Versions/A/Libraries/libHeimdalProxy.dylib
0x00007ff81fa8b000 	/System/Library/Frameworks/Network.framework/Versions/A/Network
0x00007ff8251ec000 	/usr/lib/libheimdal-asn1.dylib
0x00007ff827aad000 	/System/Library/PrivateFrameworks/CommonAuth.framework/Versions/A/CommonAuth
0x00007ff8272db000 	/System/Library/PrivateFrameworks/AudioSession.framework/Versions/A/AudioSession
0x00007ff82527c000 	/System/Library/PrivateFrameworks/MediaExperience.framework/Versions/A/MediaExperience
0x00007ff82716d000 	/System/Library/PrivateFrameworks/AudioSession.framework/libSessionUtility.dylib
0x00007ff827703000 	/System/Library/PrivateFrameworks/AudioResourceArbitration.framework/Versions/A/AudioResourceArbitration
0x00007ff82b784000 	/System/Library/PrivateFrameworks/PowerLog.framework/Versions/A/PowerLog
0x00007ff8251f5000 	/System/Library/PrivateFrameworks/IconFoundation.framework/Versions/A/IconFoundation
0x00007ff82a53a000 	/System/Library/PrivateFrameworks/SpeechRecognitionCore.framework/Versions/A/SpeechRecognitionCore
0x000000010b925000 	/Users/aleksandarhardi/Library/Java/JavaVirtualMachines/azul-1.8.0_372/Contents/Home/jre/lib/server/libjvm.dylib
0x000000010ab32000 	/Users/aleksandarhardi/Library/Java/JavaVirtualMachines/azul-1.8.0_372/Contents/Home/jre/lib/libverify.dylib
0x000000010ab9a000 	/Users/aleksandarhardi/Library/Java/JavaVirtualMachines/azul-1.8.0_372/Contents/Home/jre/lib/libjava.dylib
0x000000010ac38000 	/Users/aleksandarhardi/Library/Java/JavaVirtualMachines/azul-1.8.0_372/Contents/Home/jre/lib/libzip.dylib
0x0000000127c7c000 	/Users/aleksandarhardi/Library/Java/JavaVirtualMachines/azul-1.8.0_372/Contents/Home/jre/lib/libnio.dylib
0x0000000127cd1000 	/Users/aleksandarhardi/Library/Java/JavaVirtualMachines/azul-1.8.0_372/Contents/Home/jre/lib/libnet.dylib
0x0000000127cb1000 	/Users/aleksandarhardi/Desktop/JNI/CppNative/dist/Debug/GNU-MacOSX/libCppNative.dylib

VM Arguments:
jvm_args: -Dfile.encoding=UTF-8 -Djava.library.path=/Users/aleksandarhardi/Desktop/JNI/CppNative/dist/Debug/GNU-MacOSX 
java_command: test.TestDynamic
java_class_path (initial): /Users/aleksandarhardi/Desktop/JNI/JNI_Java/build/classes
Launcher Type: SUN_STANDARD

Environment Variables:
PATH=/usr/bin:/bin:/usr/sbin:/sbin
SHELL=/bin/zsh

Signal Handlers:
SIGSEGV: [libjvm.dylib+0x5b762b], sa_mask[0]=11111111111111111111111111111111, sa_flags=SA_ONSTACK|SA_RESTART|SA_SIGINFO
SIGBUS: [libjvm.dylib+0x5b762b], sa_mask[0]=11111111111111111111111111111111, sa_flags=SA_RESTART|SA_SIGINFO
SIGFPE: [libjvm.dylib+0x4a4ee9], sa_mask[0]=11111111111111111111111111111111, sa_flags=SA_RESTART|SA_SIGINFO
SIGPIPE: [libjvm.dylib+0x4a4ee9], sa_mask[0]=11111111111111111111111111111111, sa_flags=SA_RESTART|SA_SIGINFO
SIGXFSZ: [libjvm.dylib+0x4a4ee9], sa_mask[0]=11111111111111111111111111111111, sa_flags=SA_RESTART|SA_SIGINFO
SIGILL: [libjvm.dylib+0x4a4ee9], sa_mask[0]=11111111111111111111111111111111, sa_flags=SA_RESTART|SA_SIGINFO
SIGUSR1: SIG_DFL, sa_mask[0]=00000000000000000000000000000000, sa_flags=none
SIGUSR2: [libjvm.dylib+0x4a57d8], sa_mask[0]=00100000000000000000000000000000, sa_flags=SA_RESTART|SA_SIGINFO
SIGHUP: [libjvm.dylib+0x4a391b], sa_mask[0]=11111111111111111111111111111111, sa_flags=SA_RESTART|SA_SIGINFO
SIGINT: SIG_IGN, sa_mask[0]=11111111011111110111111111111111, sa_flags=none
SIGTERM: [libjvm.dylib+0x4a391b], sa_mask[0]=11111111111111111111111111111111, sa_flags=SA_RESTART|SA_SIGINFO
SIGQUIT: [libjvm.dylib+0x4a391b], sa_mask[0]=11111111111111111111111111111111, sa_flags=SA_RESTART|SA_SIGINFO


---------------  S Y S T E M  ---------------

OS:Bsduname:Darwin 21.6.0 Darwin Kernel Version 21.6.0: Sat Jun 18 17:05:47 PDT 2022; root:xnu-8020.140.41~1/RELEASE_ARM64_T8101 x86_64
rlimit: STACK 8176k, CORE 0k, NPROC 2666, NOFILE 10240, AS infinity
load average:1.63 1.43 1.48

CPU:total 8 (initial active 8) (1 cores per cpu, 1 threads per core) family 6 model 44 stepping 0, cmov, cx8, fxsr, mmx, sse, sse2, sse3, ssse3, sse4.1, sse4.2, popcnt, aes, clmul, tsc, tscinvbit, tscinv

Memory: 4k page, physical 16777216k(350272k free)

/proc/meminfo:


vm_info: OpenJDK 64-Bit Server VM (25.372-b07) for bsd-amd64 JRE (Zulu 8.70.0.23-CA-macosx) (1.8.0_372-b07), built on Apr 18 2023 01:38:10 by "zulu_re" with gcc 4.2.1 Compatible Apple LLVM 11.0.0 (clang-1100.0.33.17)

time: Wed Jul 26 16:01:36 2023
timezone: CEST
elapsed time: 0.607025 seconds (0d 0h 0m 0s)

