#
# A fatal error has been detected by the Java Runtime Environment:
#
#  SIGBUS (0xa) at pc=0x0000000110306f03, pid=62051, tid=0x0000000000001803
#
# JRE version: OpenJDK Runtime Environment (Zulu 8.70.0.23-CA-macosx) (8.0_372-b07) (build 1.8.0_372-b07)
# Java VM: OpenJDK 64-Bit Server VM (25.372-b07 mixed mode bsd-amd64 compressed oops)
# Problematic frame:
# j  java.lang.AbstractStringBuilder.append(Ljava/lang/String;)Ljava/lang/AbstractStringBuilder;+10
#
# Failed to write core dump. Core dumps have been disabled. To enable core dumping, try "ulimit -c unlimited" before starting Java again
#
# If you would like to submit a bug report, please visit:
#   http://www.azul.com/support/
#

---------------  T H R E A D  ---------------

Current thread (0x00007fd6b5809000):  JavaThread "main" [_thread_in_Java, id=6147, stack(0x000000030e3b8000,0x000000030e4b8000)]

siginfo: si_signo: 10 (SIGBUS), si_code: 2 (BUS_ADRERR), si_addr: 0x000000696b614200

Registers:
RAX=0x0000000000100000, RBX=0x000000012803cda0, RCX=0x000000696b614200, RDX=0x0000000040500001
RSP=0x000000030e4b7298, RBP=0x000000030e4b72e8, RSI=0x000000030e4b7310, RDI=0x000000076ab7cc70
R8 =0x0000000000000000, R9 =0x0000000000000005, R10=0x000000010eb8b150, R11=0x00000001103f42e0
R12=0x0000000000000000, R13=0x00000001280b1be2, R14=0x000000030e4b7308, R15=0x00007fd6b5809000
RIP=0x0000000110306f03, EFLAGS=0x0000000000000206, ERR=0x0000000000000004
  TRAPNO=0x000000000000000e

Top of Stack: (sp=0x000000030e4b7298)
0x000000030e4b7298:   00000001102eab40 000000696b614200
0x000000030e4b72a8:   000000030e4b72a8 00000001280b1be2
0x000000030e4b72b8:   000000030e4b7308 0000000128160eb8
0x000000030e4b72c8:   0000000128285600 00000001280b1c18
0x000000030e4b72d8:   0000000000000000 000000030e4b7300
0x000000030e4b72e8:   000000030e4b7350 00000001102eae80
0x000000030e4b72f8:   0000000000000000 000000696b614200
0x000000030e4b7308:   000000076ab7ce20 000000030e4b7310
0x000000030e4b7318:   00000001280b51e2 000000030e4b7368
0x000000030e4b7328:   0000000128161728 00000001282854a8
0x000000030e4b7338:   00000001280b51f0 000000030e4b7300
0x000000030e4b7348:   000000030e4b7360 000000030e4b73b0
0x000000030e4b7358:   00000001102eae80 000000696b614200
0x000000030e4b7368:   000000076ab7ce20 000000030e4b7370
0x000000030e4b7378:   000000012843b4a5 000000030e4b73c8
0x000000030e4b7388:   000000012843b540 0000000000000000
0x000000030e4b7398:   000000012843b4e0 000000030e4b7360
0x000000030e4b73a8:   000000030e4b73c0 000000030e4b7430
0x000000030e4b73b8:   00000001102e34e7 0000000100000021
0x000000030e4b73c8:   000000696b614200 00007fd600001fa0
0x000000030e4b73d8:   000000012843b4e0 000000030e4b7768
0x000000030e4b73e8:   00000001102e345f 00007fd6b5809000
0x000000030e4b73f8:   0000000000000002 000000030e4b74a0
0x000000030e4b7408:   000000030e4b7768 000000030000000c
0x000000030e4b7418:   000000012843b4e0 00000001102f6440
0x000000030e4b7428:   000000030e4b7650 000000030e4b75a0
0x000000030e4b7438:   000000010e72629f 0000000000000002
0x000000030e4b7448:   00007fd6b5809000 000000030e4b7540
0x000000030e4b7458:   00007fd6b5809000 000060000015c2c0
0x000000030e4b7468:   0000600002b54000 0000600002b54010
0x000000030e4b7478:   0000600002b540e8 00000000000000d8
0x000000030e4b7488:   000000030e4b7ae8 000000030e4b7678 

Instructions: (pc=0x0000000110306f03)
0x0000000110306ee3:   b8 0e 01 00 00 00 49 8b 14 d2 52 41 8b d5 4c 8b
0x0000000110306ef3:   6d c8 8b c2 81 e0 00 00 10 00 0f 84 6a 01 00 00
0x0000000110306f03:   48 3b 01 48 8b 45 e0 48 85 c0 0f 84 12 00 00 00
0x0000000110306f13:   48 83 40 08 01 48 83 58 08 00 48 83 c0 30 48 89 

Register to memory mapping:

RAX=0x0000000000100000 is an unknown value
RBX={method} {0x000000012803cda0} 'length' '()I' in 'java/lang/String'
RCX=0x000000696b614200 is an unknown value
RDX=0x0000000040500001 is an unknown value
RSP=0x000000030e4b7298 is pointing into the stack for thread: 0x00007fd6b5809000
RBP=0x000000030e4b72e8 is pointing into the stack for thread: 0x00007fd6b5809000
RSI=0x000000030e4b7310 is pointing into the stack for thread: 0x00007fd6b5809000
RDI=0x000000076ab7cc70 is an oop
